<?xml version="1.0" encoding="UTF-8"?>
<testng-results ignored="0" total="2" passed="2" failed="0" skipped="0">
  <reporter-output>
  </reporter-output>
  <suite started-at="2025-05-11T19:00:01 IST" name="Default suite" finished-at="2025-05-11T19:00:01 IST" duration-ms="72">
    <groups>
    </groups>
    <test started-at="2025-05-11T19:00:01 IST" name="Default test" finished-at="2025-05-11T19:00:01 IST" duration-ms="72">
      <class name="testNGPackage.SampleAnnotationsCls">
        <test-method is-config="true" signature="beforeTest()[pri:0, instance:testNGPackage.SampleAnnotationsCls@6069db50]" started-at="2025-05-11T19:00:01 IST" name="beforeTest" finished-at="2025-05-11T19:00:01 IST" duration-ms="9" status="PASS">
          <reporter-output>
          </reporter-output>
        </test-method> <!-- beforeTest -->
        <test-method is-config="true" signature="beforeClass()[pri:0, instance:testNGPackage.SampleAnnotationsCls@6069db50]" started-at="2025-05-11T19:00:01 IST" name="beforeClass" finished-at="2025-05-11T19:00:01 IST" duration-ms="0" status="PASS">
          <reporter-output>
          </reporter-output>
        </test-method> <!-- beforeClass -->
        <test-method is-config="true" signature="beforeMethod()[pri:0, instance:testNGPackage.SampleAnnotationsCls@6069db50]" started-at="2025-05-11T19:00:01 IST" name="beforeMethod" finished-at="2025-05-11T19:00:01 IST" duration-ms="0" status="PASS">
          <reporter-output>
          </reporter-output>
        </test-method> <!-- beforeMethod -->
        <test-method signature="dis1()[pri:0, instance:testNGPackage.SampleAnnotationsCls@6069db50]" started-at="2025-05-11T19:00:01 IST" name="dis1" finished-at="2025-05-11T19:00:01 IST" duration-ms="9" status="PASS">
          <reporter-output>
          </reporter-output>
        </test-method> <!-- dis1 -->
        <test-method is-config="true" signature="afterMethod()[pri:0, instance:testNGPackage.SampleAnnotationsCls@6069db50]" started-at="2025-05-11T19:00:01 IST" name="afterMethod" finished-at="2025-05-11T19:00:01 IST" duration-ms="0" status="PASS">
          <reporter-output>
          </reporter-output>
        </test-method> <!-- afterMethod -->
        <test-method is-config="true" signature="beforeMethod()[pri:0, instance:testNGPackage.SampleAnnotationsCls@6069db50]" started-at="2025-05-11T19:00:01 IST" name="beforeMethod" finished-at="2025-05-11T19:00:01 IST" duration-ms="1" status="PASS">
          <reporter-output>
          </reporter-output>
        </test-method> <!-- beforeMethod -->
        <test-method signature="dis2()[pri:0, instance:testNGPackage.SampleAnnotationsCls@6069db50]" started-at="2025-05-11T19:00:01 IST" name="dis2" finished-at="2025-05-11T19:00:01 IST" duration-ms="3" status="PASS">
          <reporter-output>
          </reporter-output>
        </test-method> <!-- dis2 -->
        <test-method is-config="true" signature="afterMethod()[pri:0, instance:testNGPackage.SampleAnnotationsCls@6069db50]" started-at="2025-05-11T19:00:01 IST" name="afterMethod" finished-at="2025-05-11T19:00:01 IST" duration-ms="1" status="PASS">
          <reporter-output>
          </reporter-output>
        </test-method> <!-- afterMethod -->
        <test-method is-config="true" signature="afterClass()[pri:0, instance:testNGPackage.SampleAnnotationsCls@6069db50]" started-at="2025-05-11T19:00:01 IST" name="afterClass" finished-at="2025-05-11T19:00:01 IST" duration-ms="0" status="PASS">
          <reporter-output>
          </reporter-output>
        </test-method> <!-- afterClass -->
        <test-method is-config="true" signature="afterTest()[pri:0, instance:testNGPackage.SampleAnnotationsCls@6069db50]" started-at="2025-05-11T19:00:01 IST" name="afterTest" finished-at="2025-05-11T19:00:01 IST" duration-ms="0" status="PASS">
          <reporter-output>
          </reporter-output>
        </test-method> <!-- afterTest -->
      </class> <!-- testNGPackage.SampleAnnotationsCls -->
    </test> <!-- Default test -->
  </suite> <!-- Default suite -->
</testng-results>
